# JRE version: OpenJDK Runtime Environment (11.0.10) (build 11.0.10+0-b96-7249189)
# Java VM: OpenJDK 64-Bit Server VM (11.0.10+0-b96-7249189, mixed mode, tiered, compressed oops, g1 gc, windows-amd64)
Heap:
 garbage-first heap   total 190464K, used 144922K [0x0000000080000000, 0x0000000100000000)
  region size 1024K, 7 young (7168K), 3 survivors (3072K)
 Metaspace       used 114005K, capacity 117021K, committed 117248K, reserved 1150976K
  class space    used 13942K, capacity 15045K, committed 15104K, reserved 1048576K
GC Heap History (20 events):
Event: 1116.735 GC heap before
{Heap before GC invocations=73 (full 0):
 garbage-first heap   total 190464K, used 152444K [0x0000000080000000, 0x0000000100000000)
  region size 1024K, 49 young (50176K), 1 survivors (1024K)
 Metaspace       used 107811K, capacity 110732K, committed 110976K, reserved 1146880K
  class space    used 13305K, capacity 14355K, committed 14464K, reserved 1048576K
}
Event: 1116.746 GC heap after
{Heap after GC invocations=74 (full 0):
 garbage-first heap   total 190464K, used 115988K [0x0000000080000000, 0x0000000100000000)
  region size 1024K, 7 young (7168K), 7 survivors (7168K)
 Metaspace       used 107811K, capacity 110732K, committed 110976K, reserved 1146880K
  class space    used 13305K, capacity 14355K, committed 14464K, reserved 1048576K
}
Event: 1117.190 GC heap before
{Heap before GC invocations=75 (full 0):
 garbage-first heap   total 190464K, used 160020K [0x0000000080000000, 0x0000000100000000)
  region size 1024K, 47 young (48128K), 7 survivors (7168K)
 Metaspace       used 107856K, capacity 110796K, committed 110976K, reserved 1146880K
  class space    used 13305K, capacity 14355K, committed 14464K, reserved 1048576K
}
Event: 1117.209 GC heap after
{Heap after GC invocations=76 (full 0):
 garbage-first heap   total 190464K, used 126045K [0x0000000080000000, 0x0000000100000000)
  region size 1024K, 6 young (6144K), 6 survivors (6144K)
 Metaspace       used 107856K, capacity 110796K, committed 110976K, reserved 1146880K
  class space    used 13305K, capacity 14355K, committed 14464K, reserved 1048576K
}
Event: 1117.288 GC heap before
{Heap before GC invocations=76 (full 0):
 garbage-first heap   total 190464K, used 129117K [0x0000000080000000, 0x0000000100000000)
  region size 1024K, 9 young (9216K), 6 survivors (6144K)
 Metaspace       used 107905K, capacity 110804K, committed 110976K, reserved 1146880K
  class space    used 13312K, capacity 14357K, committed 14464K, reserved 1048576K
}
Event: 1117.297 GC heap after
{Heap after GC invocations=77 (full 0):
 garbage-first heap   total 190464K, used 127120K [0x0000000080000000, 0x0000000100000000)
  region size 1024K, 2 young (2048K), 2 survivors (2048K)
 Metaspace       used 107905K, capacity 110804K, committed 110976K, reserved 1146880K
  class space    used 13312K, capacity 14357K, committed 14464K, reserved 1048576K
}
Event: 1117.521 GC heap before
{Heap before GC invocations=77 (full 0):
 garbage-first heap   total 190464K, used 145552K [0x0000000080000000, 0x0000000100000000)
  region size 1024K, 22 young (22528K), 2 survivors (2048K)
 Metaspace       used 109510K, capacity 112451K, committed 112640K, reserved 1146880K
  class space    used 13464K, capacity 14535K, committed 14592K, reserved 1048576K
}
Event: 1117.527 GC heap after
{Heap after GC invocations=78 (full 0):
 garbage-first heap   total 190464K, used 128659K [0x0000000080000000, 0x0000000100000000)
  region size 1024K, 3 young (3072K), 3 survivors (3072K)
 Metaspace       used 109510K, capacity 112451K, committed 112640K, reserved 1146880K
  class space    used 13464K, capacity 14535K, committed 14592K, reserved 1048576K
}
Event: 1117.950 GC heap before
{Heap before GC invocations=79 (full 0):
 garbage-first heap   total 190464K, used 166547K [0x0000000080000000, 0x0000000100000000)
  region size 1024K, 32 young (32768K), 3 survivors (3072K)
 Metaspace       used 111229K, capacity 114227K, committed 114304K, reserved 1148928K
  class space    used 13629K, capacity 14695K, committed 14720K, reserved 1048576K
}
Event: 1117.959 GC heap after
{Heap after GC invocations=80 (full 0):
 garbage-first heap   total 190464K, used 133464K [0x0000000080000000, 0x0000000100000000)
  region size 1024K, 4 young (4096K), 4 survivors (4096K)
 Metaspace       used 111229K, capacity 114227K, committed 114304K, reserved 1148928K
  class space    used 13629K, capacity 14695K, committed 14720K, reserved 1048576K
}
Event: 1117.994 GC heap before
{Heap before GC invocations=80 (full 0):
 garbage-first heap   total 190464K, used 138584K [0x0000000080000000, 0x0000000100000000)
  region size 1024K, 10 young (10240K), 4 survivors (4096K)
 Metaspace       used 111257K, capacity 114291K, committed 114560K, reserved 1148928K
  class space    used 13629K, capacity 14695K, committed 14720K, reserved 1048576K
}
Event: 1118.002 GC heap after
{Heap after GC invocations=81 (full 0):
 garbage-first heap   total 190464K, used 132659K [0x0000000080000000, 0x0000000100000000)
  region size 1024K, 1 young (1024K), 1 survivors (1024K)
 Metaspace       used 111257K, capacity 114291K, committed 114560K, reserved 1148928K
  class space    used 13629K, capacity 14695K, committed 14720K, reserved 1048576K
}
Event: 1118.421 GC heap before
{Heap before GC invocations=81 (full 0):
 garbage-first heap   total 190464K, used 158259K [0x0000000080000000, 0x0000000100000000)
  region size 1024K, 27 young (27648K), 1 survivors (1024K)
 Metaspace       used 113191K, capacity 116237K, committed 116352K, reserved 1150976K
  class space    used 13879K, capacity 14959K, committed 14976K, reserved 1048576K
}
Event: 1118.428 GC heap after
{Heap after GC invocations=82 (full 0):
 garbage-first heap   total 190464K, used 134174K [0x0000000080000000, 0x0000000100000000)
  region size 1024K, 3 young (3072K), 3 survivors (3072K)
 Metaspace       used 113191K, capacity 116237K, committed 116352K, reserved 1150976K
  class space    used 13879K, capacity 14959K, committed 14976K, reserved 1048576K
}
Event: 1118.933 GC heap before
{Heap before GC invocations=83 (full 0):
 garbage-first heap   total 190464K, used 157726K [0x0000000080000000, 0x0000000100000000)
  region size 1024K, 28 young (28672K), 3 survivors (3072K)
 Metaspace       used 113415K, capacity 116454K, committed 116736K, reserved 1150976K
  class space    used 13887K, capacity 14990K, committed 15104K, reserved 1048576K
}
Event: 1118.941 GC heap after
{Heap after GC invocations=84 (full 0):
 garbage-first heap   total 190464K, used 133661K [0x0000000080000000, 0x0000000100000000)
  region size 1024K, 1 young (1024K), 1 survivors (1024K)
 Metaspace       used 113415K, capacity 116454K, committed 116736K, reserved 1150976K
  class space    used 13887K, capacity 14990K, committed 15104K, reserved 1048576K
}
Event: 1119.104 GC heap before
{Heap before GC invocations=84 (full 0):
 garbage-first heap   total 190464K, used 144925K [0x0000000080000000, 0x0000000100000000)
  region size 1024K, 13 young (13312K), 1 survivors (1024K)
 Metaspace       used 113562K, capacity 116588K, committed 116736K, reserved 1150976K
  class space    used 13894K, capacity 14992K, committed 15104K, reserved 1048576K
}
Event: 1119.109 GC heap after
{Heap after GC invocations=85 (full 0):
 garbage-first heap   total 190464K, used 138963K [0x0000000080000000, 0x0000000100000000)
  region size 1024K, 4 young (4096K), 4 survivors (4096K)
 Metaspace       used 113562K, capacity 116588K, committed 116736K, reserved 1150976K
  class space    used 13894K, capacity 14992K, committed 15104K, reserved 1048576K
}
Event: 1119.416 GC heap before
{Heap before GC invocations=86 (full 0):
 garbage-first heap   total 190464K, used 175827K [0x0000000080000000, 0x0000000100000000)
  region size 1024K, 24 young (24576K), 4 survivors (4096K)
 Metaspace       used 113843K, capacity 116861K, committed 116992K, reserved 1150976K
  class space    used 13930K, capacity 15013K, committed 15104K, reserved 1048576K
}
Event: 1119.424 GC heap after
{Heap after GC invocations=87 (full 0):
 garbage-first heap   total 190464K, used 141850K [0x0000000080000000, 0x0000000100000000)
  region size 1024K, 3 young (3072K), 3 survivors (3072K)
 Metaspace       used 113843K, capacity 116861K, committed 116992K, reserved 1150976K
  class space    used 13930K, capacity 15013K, committed 15104K, reserved 1048576K
}

